Using pre-set license
Built from '2020.3/staging' branch; Version is '2020.3.0f1 (c7b5465681fb) revision 13088070'; Using compiler version '192528614'; Build Type 'Release'
OS: 'Windows 10 Home Single Language; OS build 19042.1288; Version 2009; 64bit' Language: 'ru' Physical Memory: 8124 MB
BatchMode: 1, IsHumanControllingUs: 0, StartBugReporterOnCrash: 0, Is64bit: 1, IsPro: 0

 COMMAND LINE ARGUMENTS:
E:\Software\Unity 3D\2020.3.0f1\Editor\Unity.exe
-adb2
-batchMode
-noUpm
-name
AssetImportWorker0
-projectPath
E:/Create with Code/Personal Project
-logFile
Logs/AssetImportWorker0.log
-srvPort
57630
Successfully changed project path to: E:/Create with Code/Personal Project
E:/Create with Code/Personal Project
Using Asset Import Pipeline V2.
Refreshing native plugins compatible for Editor in 41.37 ms, found 0 plugins.
Preloading 0 native plugins for Editor in 0.00 ms.
Initialize engine version: 2020.3.0f1 (c7b5465681fb)
[Subsystems] Discovering subsystems at path E:/Software/Unity 3D/2020.3.0f1/Editor/Data/Resources/UnitySubsystems
[Subsystems] Discovering subsystems at path E:/Create with Code/Personal Project/Assets
GfxDevice: creating device client; threaded=0
Direct3D:
    Version:  Direct3D 11.0 [level 11.0]
    Renderer: NVIDIA GeForce GT 750M (ID=0xfe4)
    Vendor:   
    VRAM:     4054 MB
    Driver:   25.21.14.2531
Initialize mono
Mono path[0] = 'E:/Software/Unity 3D/2020.3.0f1/Editor/Data/Managed'
Mono path[1] = 'E:/Software/Unity 3D/2020.3.0f1/Editor/Data/MonoBleedingEdge/lib/mono/unityjit'
Mono config path = 'E:/Software/Unity 3D/2020.3.0f1/Editor/Data/MonoBleedingEdge/etc'
Using monoOptions --debugger-agent=transport=dt_socket,embedding=1,server=y,suspend=n,address=127.0.0.1:56824
Begin MonoManager ReloadAssembly
Registering precompiled unity dll's ...
Register platform support module: E:/Software/Unity 3D/2020.3.0f1/Editor/Data/PlaybackEngines/WebGLSupport/UnityEditor.WebGL.Extensions.dll
Register platform support module: E:/Software/Unity 3D/2020.3.0f1/Editor/Data/PlaybackEngines/WindowsStandaloneSupport/UnityEditor.WindowsStandalone.Extensions.dll
Registered in 0.001476 seconds.
Native extension for WindowsStandalone target not found
Native extension for WebGL target not found
Refreshing native plugins compatible for Editor in 35.96 ms, found 0 plugins.
Preloading 0 native plugins for Editor in 0.00 ms.
Invoked RoslynAnalysisRunner static constructor.
RoslynAnalysisRunner will not be running.
RoslynAnalysisRunner has terminated.
Mono: successfully reloaded assembly
- Completed reload, in  1.592 seconds
Platform modules already initialized, skipping
Registering precompiled user dll's ...
Registered in 0.001181 seconds.
Begin MonoManager ReloadAssembly
Native extension for WindowsStandalone target not found
Native extension for WebGL target not found
Refreshing native plugins compatible for Editor in 0.35 ms, found 0 plugins.
Preloading 0 native plugins for Editor in 0.00 ms.
Invoked RoslynAnalysisRunner static constructor.
RoslynAnalysisRunner will not be running.
RoslynAnalysisRunner has terminated.
Mono: successfully reloaded assembly
- Completed reload, in  1.278 seconds
Platform modules already initialized, skipping
========================================================================
Worker process is ready to serve import requests
Launched and connected shader compiler UnityShaderCompiler.exe after 0.07 seconds
Refreshing native plugins compatible for Editor in 0.34 ms, found 0 plugins.
Preloading 0 native plugins for Editor in 0.00 ms.
Unloading 1117 Unused Serialized files (Serialized files now loaded: 0)
System memory in use before: 58.2 MB.
System memory in use after: 58.3 MB.

Unloading 10 unused Assets to reduce memory usage. Loaded Objects now: 1565.
Total: 2.907000 ms (FindLiveObjects: 0.624400 ms CreateObjectMapping: 0.185100 ms MarkObjects: 2.001800 ms  DeleteObjects: 0.093800 ms)

========================================================================
Received Import Request.
  path: Assets/Scripts/MoveDown.cs
  artifactKey: Guid(cda74bae5f97f8543afd1c514eb2e1c6) Importer(815301076,1909f56bfc062723c751e8b465ee728b)
Start importing Assets/Scripts/MoveDown.cs using Guid(cda74bae5f97f8543afd1c514eb2e1c6) Importer(815301076,1909f56bfc062723c751e8b465ee728b)  -> (artifact id: '6891846100183961d7a7f7c9669b97f8') in 0.336809 seconds
  Import took 0.356916 seconds .

========================================================================
Received Prepare
Registering precompiled user dll's ...
Registered in 0.001416 seconds.
Begin MonoManager ReloadAssembly
Native extension for WindowsStandalone target not found
Native extension for WebGL target not found
Refreshing native plugins compatible for Editor in 0.34 ms, found 0 plugins.
Preloading 0 native plugins for Editor in 0.00 ms.
Invoked RoslynAnalysisRunner static constructor.
RoslynAnalysisRunner will not be running.
RoslynAnalysisRunner has terminated.
Mono: successfully reloaded assembly
- Completed reload, in  0.921 seconds
Platform modules already initialized, skipping
Refreshing native plugins compatible for Editor in 0.38 ms, found 0 plugins.
Preloading 0 native plugins for Editor in 0.00 ms.
Unloading 1111 Unused Serialized files (Serialized files now loaded: 0)
System memory in use before: 58.1 MB.
System memory in use after: 58.2 MB.

Unloading 5 unused Assets to reduce memory usage. Loaded Objects now: 1568.
Total: 2.591700 ms (FindLiveObjects: 0.205000 ms CreateObjectMapping: 0.065900 ms MarkObjects: 2.247900 ms  DeleteObjects: 0.070700 ms)

AssetImportWorkerClient::OnTransportError - code=2 error=End of file
